<?xml version="1.0" encoding="UTF-8"?>
<testsuite name="agh.ii.prinjava.proj3.MovieDAOTest" tests="1" skipped="0" failures="0" errors="0" timestamp="2021-12-09T22:40:28" hostname="DIEGO-DESKTOP" time="0.37">
  <properties/>
  <testcase name="moviesPerTop10Director()" classname="agh.ii.prinjava.proj3.MovieDAOTest" time="0.37"/>
  <system-out><![CDATA[]]></system-out>
  <system-err><![CDATA[]]></system-err>
</testsuite>
