<?xml version="1.0" encoding="UTF-8"?>
<testsuite name="agh.ii.prinjava.proj1.impl.MyStackDLLBImplTest" tests="4" skipped="0" failures="0" errors="0" timestamp="2021-10-21T22:10:00" hostname="DESKTOP-VV6218V" time="0.04">
  <properties/>
  <testcase name="numOfElems()" classname="agh.ii.prinjava.proj1.impl.MyStackDLLBImplTest" time="0.026"/>
  <testcase name="pop()" classname="agh.ii.prinjava.proj1.impl.MyStackDLLBImplTest" time="0.009"/>
  <testcase name="peek()" classname="agh.ii.prinjava.proj1.impl.MyStackDLLBImplTest" time="0.001"/>
  <testcase name="push()" classname="agh.ii.prinjava.proj1.impl.MyStackDLLBImplTest" time="0.001"/>
  <system-out><![CDATA[4
4
]]></system-out>
  <system-err><![CDATA[]]></system-err>
</testsuite>
