<?xml version="1.0" encoding="UTF-8"?>
<testsuite name="agh.ii.prinjava.proj1.impl.DLinkListTest" tests="1" skipped="0" failures="0" errors="0" timestamp="2021-10-21T13:55:16" hostname="DESKTOP-VV6218V" time="0.073">
  <properties/>
  <testcase name="addFirst()" classname="agh.ii.prinjava.proj1.impl.DLinkListTest" time="0.073"/>
  <system-out><![CDATA[]]></system-out>
  <system-err><![CDATA[]]></system-err>
</testsuite>
